<?xml version="1.0" encoding="UTF-8"?>
<!-- Generated by org.testng.reporters.JUnitReportReporter -->
<testsuite skipped="0" hostname="L50010707" name="testCases.DataGeneral" tests="1" failures="0" timestamp="15 Oct 2018 09:07:47 GMT" time="41.663" errors="0">
  <testcase name="submitDataGeneralForm" time="41.663" classname="testCases.DataGeneral"/>
</testsuite> <!-- testCases.DataGeneral -->
